c:\dev\api_injector\api_injector\debug\api_injector.pch
c:\dev\api_injector\api_injector\debug\vc120.pdb
c:\dev\api_injector\api_injector\debug\vc120.idb
c:\dev\api_injector\api_injector\debug\stdafx.obj
c:\dev\api_injector\api_injector\debug\api_injector.obj
c:\dev\api_injector\api_injector\debug\api_injectordlg.obj
c:\dev\api_injector\api_injector\debug\checkapidlg.obj
c:\dev\api_injector\api_injector\debug\getprocdlg.obj
c:\dev\api_injector\debug\api_injector.ilk
c:\dev\api_injector\debug\api_injector.exe
c:\dev\api_injector\debug\api_injector.pdb
c:\dev\api_injector\api_injector\debug\api_injector.res
c:\dev\api_injector\api_injector\debug\api_injector.tlog\cl.command.1.tlog
c:\dev\api_injector\api_injector\debug\api_injector.tlog\cl.read.1.tlog
c:\dev\api_injector\api_injector\debug\api_injector.tlog\cl.write.1.tlog
c:\dev\api_injector\api_injector\debug\api_injector.tlog\link.command.1.tlog
c:\dev\api_injector\api_injector\debug\api_injector.tlog\link.read.1.tlog
c:\dev\api_injector\api_injector\debug\api_injector.tlog\link.write.1.tlog
c:\dev\api_injector\api_injector\debug\api_injector.tlog\rc.command.1.tlog
c:\dev\api_injector\api_injector\debug\api_injector.tlog\rc.read.1.tlog
c:\dev\api_injector\api_injector\debug\api_injector.tlog\rc.write.1.tlog
