빌드 시작: 2020-01-10 오후 4:22:24
     1>2 노드의 "C:\dev\API_Injector\API_Injector\API_Injector.vcxproj" 프로젝트(Build 대상)입니다.
     1>ClCompile:
         C:\Program Files (x86)\Microsoft Visual Studio 12.0\VC\bin\CL.exe /c /ZI /nologo /W3 /WX- /Od /Oy- /D WIN32 /D _WINDOWS /D _DEBUG /D _UNICODE /D UNICODE /D _AFXDLL /Gm /EHsc /RTC1 /MDd /GS /fp:precise /Zc:wchar_t /Zc:forScope /Yu"stdafx.h" /Fp"Debug\API_Injector.pch" /Fo"Debug\\" /Fd"Debug\vc120.pdb" /Gd /TP /analyze- /errorReport:prompt API_Injector.cpp API_InjectorDlg.cpp CheckAPIDlg.cpp GetProcDlg.cpp
         CheckAPIDlg.cpp
         API_InjectorDlg.cpp
         코드를 생성하고 있습니다...
         컴파일하고 있습니다...
         GetProcDlg.cpp
         API_Injector.cpp
         코드를 생성하고 있습니다...
       ResourceCompile:
         C:\Program Files (x86)\Windows Kits\8.1\bin\x86\rc.exe /D _DEBUG /D _UNICODE /D UNICODE /D _AFXDLL /l"0x0412" /IDebug\ /nologo /fo"Debug\API_Injector.res" API_Injector.rc 
       Link:
         C:\Program Files (x86)\Microsoft Visual Studio 12.0\VC\bin\link.exe /ERRORREPORT:PROMPT /OUT:"C:\dev\API_Injector\Debug\API_Injector.exe" /INCREMENTAL /NOLOGO /MANIFEST /MANIFESTUAC:"level='asInvoker' uiAccess='false'" /manifest:embed /manifestinput:"C:\Program Files (x86)\Microsoft Visual Studio 12.0\VC\Include\Manifest\dpiaware.manifest" /DEBUG /PDB:"C:\dev\API_Injector\Debug\API_Injector.pdb" /SUBSYSTEM:WINDOWS /TLBID:1 /ENTRY:"wWinMainCRTStartup" /DYNAMICBASE /NXCOMPAT /IMPLIB:"C:\dev\API_Injector\Debug\API_Injector.lib" /MACHINE:X86 Debug\API_Injector.res
         Debug\API_Injector.obj
         Debug\API_InjectorDlg.obj
         Debug\CheckAPIDlg.obj
         Debug\GetProcDlg.obj
         Debug\stdafx.obj
         API_Injector.vcxproj -> C:\dev\API_Injector\Debug\API_Injector.exe
     1>"C:\dev\API_Injector\API_Injector\API_Injector.vcxproj" 프로젝트를 빌드했습니다(Build 대상).

빌드했습니다.

경과 시간: 00:00:01.25
